11/17/2013 08:20:26 PM Play
11/17/2013 08:20:53 PM Track changed, now: Hunter
11/17/2013 08:22:47 PM LMS not there.  Trying again in 5 seconds.
11/17/2013 08:22:52 PM LMS not there.  Trying again in 5 seconds.
11/17/2013 08:23:27 PM LMS not there.  Trying again in 5 seconds.
11/17/2013 08:23:32 PM LMS not there.  Trying again in 5 seconds.
11/17/2013 08:23:37 PM LMS not there.  Trying again in 5 seconds.
11/17/2013 08:23:42 PM LMS not there.  Trying again in 5 seconds.
11/17/2013 08:23:47 PM LMS not there.  Trying again in 5 seconds.
11/17/2013 08:23:53 PM LMS not there.  Trying again in 5 seconds.
11/17/2013 08:23:58 PM LMS not there.  Trying again in 5 seconds.
11/17/2013 08:24:05 PM Logged in to LMS.
11/17/2013 08:24:05 PM Logged in to player.
11/17/2013 08:25:32 PM Play
11/17/2013 08:27:17 PM Track changed, now: Boulevard Of Broken Dreams
11/17/2013 08:27:31 PM Vol-
11/17/2013 08:27:31 PM Volume is: 28
11/17/2013 08:29:18 PM Logged in to LMS.
11/17/2013 08:29:18 PM Logged in to player.
11/17/2013 08:29:18 PM Track changed, now: Boulevard Of Broken Dreams
11/17/2013 08:29:22 PM Power OFF
11/17/2013 08:29:26 PM Power ON
11/17/2013 08:32:25 PM Logged in to LMS.
11/17/2013 08:32:25 PM Logged in to player.
11/17/2013 08:32:25 PM Track changed, now: Boulevard Of Broken Dreams
11/17/2013 08:32:28 PM Power OFF
11/17/2013 08:33:12 PM Logged in to LMS.
11/17/2013 08:33:12 PM Logged in to player.
11/17/2013 08:33:12 PM Track changed, now: Boulevard Of Broken Dreams
11/17/2013 08:37:00 PM Success: Logged in to LMS.
11/17/2013 08:37:00 PM Success: In contact with SqueezeLite.
11/17/2013 08:37:00 PM Track changed, now: Boulevard Of Broken Dreams
11/17/2013 08:37:35 PM Power ON
11/17/2013 08:37:38 PM Play
11/17/2013 08:37:41 PM Vol+
11/17/2013 08:37:41 PM Volume is: 33
11/17/2013 08:37:45 PM Vol+
11/17/2013 08:37:45 PM Volume is: 38
11/17/2013 08:37:49 PM Vol+
11/17/2013 08:37:49 PM Volume is: 43
11/17/2013 08:37:52 PM Vol+
11/17/2013 08:37:52 PM Volume is: 48
11/17/2013 08:37:57 PM Vol+
11/17/2013 08:37:57 PM Volume is: 47
11/17/2013 08:38:00 PM Vol+
11/17/2013 08:38:00 PM Volume is: 40
11/17/2013 08:38:02 PM Vol+
11/17/2013 08:38:02 PM Volume is: 45
11/17/2013 08:38:05 PM Vol+
11/17/2013 08:38:05 PM Volume is: 50
11/17/2013 08:38:07 PM Vol+
11/17/2013 08:38:07 PM Volume is: 55
11/17/2013 08:38:10 PM Vol+
11/17/2013 08:38:10 PM Volume is: 41
11/17/2013 08:38:12 PM Vol-
11/17/2013 08:38:12 PM Volume is: 36
11/17/2013 08:38:15 PM Vol-
11/17/2013 08:38:15 PM Volume is: 31
11/17/2013 08:38:18 PM Vol-
11/17/2013 08:38:18 PM Volume is: 26
11/17/2013 08:38:20 PM Vol-
11/17/2013 08:38:20 PM Volume is: 21
11/17/2013 08:38:23 PM Vol-
11/17/2013 08:38:23 PM Volume is: 16
11/17/2013 08:38:26 PM Vol-
11/17/2013 08:38:26 PM Volume is: 11
11/17/2013 08:38:36 PM Success: Logged in to LMS.
11/17/2013 08:38:36 PM Success: In contact with SqueezeLite.
11/17/2013 08:38:36 PM Track changed, now: Boulevard Of Broken Dreams
11/17/2013 08:38:42 PM Vol+
11/17/2013 08:38:42 PM Volume is: 16
11/17/2013 08:38:45 PM Vol+
11/17/2013 08:38:45 PM Volume is: 21
11/17/2013 08:38:48 PM Vol+
11/17/2013 08:38:48 PM Volume is: 26
11/17/2013 08:38:51 PM Vol+
11/17/2013 08:38:51 PM Volume is: 31
11/17/2013 08:39:56 PM Track changed, now: All-Nighter
11/17/2013 08:40:02 PM Success: Logged in to LMS.
11/17/2013 08:40:02 PM Success: In contact with SqueezeLite.
11/17/2013 08:40:02 PM Track changed, now: All-Nighter
11/17/2013 08:41:29 PM Track changed, now: Total Eclipse of the Heart
11/17/2013 08:41:59 PM Success: Logged in to LMS.
11/17/2013 08:41:59 PM Success: In contact with SqueezeLite.
11/17/2013 08:41:59 PM Track changed, now: Total Eclipse of the Heart
11/17/2013 08:43:27 PM Vol+
11/17/2013 08:43:27 PM Volume is: 36
11/17/2013 08:43:29 PM Vol+
11/17/2013 08:43:29 PM Volume is: 41
11/17/2013 08:43:31 PM Vol+
11/17/2013 08:43:31 PM Volume is: 46
11/17/2013 08:43:33 PM Vol+
11/17/2013 08:43:33 PM Volume is: 51
11/17/2013 08:43:39 PM Vol-
11/17/2013 08:43:39 PM Volume is: 46
11/17/2013 08:43:44 PM Vol+
11/17/2013 08:43:44 PM Volume is: 51
11/17/2013 08:43:56 PM Success: Logged in to LMS.
11/17/2013 08:43:56 PM Success: In contact with SqueezeLite.
11/17/2013 08:43:56 PM Track changed, now: Total Eclipse of the Heart
11/17/2013 08:45:59 PM Track changed, now: Here I Stand Before Me
11/17/2013 08:47:02 PM Success: Logged in to LMS.
11/17/2013 08:47:02 PM Success: In contact with SqueezeLite.
11/17/2013 08:47:02 PM Track changed, now: Here I Stand Before Me
11/17/2013 08:48:02 PM LMS not there.  Trying again in 5 seconds.
11/17/2013 08:48:07 PM LMS not there.  Trying again in 5 seconds.
11/17/2013 08:48:12 PM LMS not there.  Trying again in 5 seconds.
11/17/2013 08:48:47 PM LMS not there.  Trying again in 5 seconds.
11/17/2013 08:48:52 PM LMS not there.  Trying again in 5 seconds.
11/17/2013 08:48:57 PM LMS not there.  Trying again in 5 seconds.
11/17/2013 08:49:02 PM LMS not there.  Trying again in 5 seconds.
11/17/2013 08:49:08 PM LMS not there.  Trying again in 5 seconds.
11/17/2013 08:49:13 PM LMS not there.  Trying again in 5 seconds.
11/17/2013 08:49:27 PM Success: Logged in to LMS.
11/17/2013 08:49:27 PM Success: In contact with SqueezeLite.
11/17/2013 08:50:17 PM Track changed, now: BBC Radio 4
11/17/2013 08:53:02 PM Success: Logged in to LMS.
11/17/2013 08:53:02 PM Success: In contact with SqueezeLite.
11/17/2013 08:53:02 PM Track changed, now: BBC Radio 4
11/17/2013 08:55:52 PM LMS not there.  Trying again in 5 seconds.
11/17/2013 08:55:57 PM LMS not there.  Trying again in 5 seconds.
11/17/2013 08:56:29 PM LMS not there.  Trying again in 5 seconds.
11/17/2013 08:56:34 PM LMS not there.  Trying again in 5 seconds.
11/17/2013 08:56:40 PM LMS not there.  Trying again in 5 seconds.
11/17/2013 08:56:45 PM LMS not there.  Trying again in 5 seconds.
11/17/2013 08:56:50 PM LMS not there.  Trying again in 5 seconds.
11/17/2013 08:56:55 PM LMS not there.  Trying again in 5 seconds.
11/17/2013 08:57:00 PM LMS not there.  Trying again in 5 seconds.
11/17/2013 08:57:12 PM Success: Logged in to LMS.
11/17/2013 08:57:12 PM Success: In contact with SqueezeLite.
11/17/2013 08:57:12 PM Track changed, now: BBC Radio 4
11/17/2013 09:03:00 PM Success: Logged in to LMS.
11/17/2013 09:03:00 PM Success: In contact with SqueezeLite.
11/17/2013 09:03:00 PM Track changed, now: BBC Radio 4
11/18/2013 07:36:44 AM LMS not there.  Trying again in 5 seconds.
11/18/2013 07:36:49 AM LMS not there.  Trying again in 5 seconds.
11/18/2013 07:37:38 AM LMS not there.  Trying again in 5 seconds.
11/18/2013 07:37:43 AM LMS not there.  Trying again in 5 seconds.
11/18/2013 07:37:48 AM LMS not there.  Trying again in 5 seconds.
11/18/2013 07:37:53 AM LMS not there.  Trying again in 5 seconds.
11/18/2013 07:37:59 AM LMS not there.  Trying again in 5 seconds.
11/18/2013 07:38:04 AM LMS not there.  Trying again in 5 seconds.
11/18/2013 07:38:09 AM LMS not there.  Trying again in 5 seconds.
11/18/2013 07:38:14 AM LMS not there.  Trying again in 5 seconds.
11/18/2013 07:38:23 AM Success: Logged in to LMS.
11/18/2013 07:38:23 AM Success: In contact with SqueezeLite.
11/18/2013 07:38:23 AM Track changed, now: BBC Radio 4
11/18/2013 04:06:51 PM Play
11/18/2013 04:06:57 PM Power OFF
11/18/2013 04:07:03 PM Power ON
11/18/2013 04:07:06 PM Power ON
11/18/2013 04:07:07 PM Power ON
11/18/2013 04:07:09 PM Power ON
11/18/2013 04:07:11 PM Play
11/18/2013 04:07:20 PM Play
11/18/2013 04:08:23 PM Track changed, now: Royals
11/18/2013 04:11:36 PM Track changed, now: You're Nobody 'Til Somebody Loves You
11/18/2013 04:12:29 PM Vol-
11/18/2013 04:12:29 PM Volume is: 46
11/18/2013 04:12:31 PM Vol-
11/18/2013 04:12:31 PM Volume is: 41
11/18/2013 04:12:32 PM Vol-
11/18/2013 04:12:32 PM Volume is: 36
11/18/2013 04:12:34 PM Vol-
11/18/2013 04:12:34 PM Volume is: 31
11/18/2013 04:12:35 PM Vol-
11/18/2013 04:12:35 PM Volume is: 26
11/18/2013 04:12:37 PM Vol-
11/18/2013 04:12:37 PM Volume is: 21
11/18/2013 04:12:38 PM Vol-
11/18/2013 04:12:38 PM Volume is: 16
11/18/2013 04:12:52 PM Vol+
11/18/2013 04:12:52 PM Volume is: 21
11/18/2013 04:13:12 PM Vol+
11/18/2013 04:13:12 PM Volume is: 26
11/18/2013 04:13:14 PM Vol+
11/18/2013 04:13:14 PM Volume is: 31
11/18/2013 04:13:16 PM Vol+
11/18/2013 04:13:16 PM Volume is: 36
11/18/2013 04:14:57 PM Track changed, now: Counting Stars
11/18/2013 04:19:15 PM Track changed, now: Roar
11/18/2013 04:20:17 PM SkipForward
11/18/2013 04:20:17 PM Track changed, now: Booyah - Original Mix
11/18/2013 04:25:31 PM Track changed, now: Wrecking Ball
11/18/2013 04:25:41 PM SkipForward
11/18/2013 04:25:42 PM Track changed, now: Bonfire Heart
11/18/2013 04:29:42 PM Track changed, now: Beautiful Life
11/18/2013 04:33:46 PM Track changed, now: Afterglow
11/18/2013 04:37:32 PM Track changed, now: Hold On, We're Going Home
11/18/2013 04:41:21 PM Track changed, now: R U Crazy
11/18/2013 04:45:35 PM Track changed, now: What I Might Do - Radio Edit
11/18/2013 04:48:51 PM Track changed, now: Juliet
11/18/2013 04:52:06 PM Track changed, now: Can We Dance - Radio Edit
11/18/2013 04:55:18 PM Track changed, now: Give It 2 U
11/18/2013 04:59:08 PM Track changed, now: Talk Dirty - feat. 2 Chainz
11/18/2013 05:02:06 PM Track changed, now: The Fox (What Does The Fox Say?)
11/18/2013 05:05:41 PM Track changed, now: Rap God
11/18/2013 05:06:09 PM Track changed, now: You Make Me
11/18/2013 05:10:05 PM Track changed, now: Wake Me Up - Radio Edit
11/18/2013 05:14:15 PM Track changed, now: Berzerk
11/18/2013 05:14:24 PM SkipForward
11/18/2013 05:14:24 PM Track changed, now: Survival
11/18/2013 05:15:04 PM Track changed, now: Burn
11/18/2013 05:16:30 PM Track changed, now: 70s
11/18/2013 05:16:35 PM Track changed, now: Daniel
11/18/2013 05:20:29 PM Track changed, now: Wig Wam Bam
11/18/2013 05:23:30 PM Track changed, now: Saturday Night's Alright (For Fighting)
11/18/2013 05:28:25 PM Track changed, now: Second Hand News
11/18/2013 05:31:19 PM Track changed, now: Heroes - 1999 Digital Remaster
11/18/2013 05:37:28 PM Track changed, now: Don't Stop
11/18/2013 05:40:40 PM Track changed, now: Papa Was A Rollin' Stone - Single Version
11/18/2013 05:45:49 PM Track changed, now: I Know What I Like (In Your Wardrobe) - 2008 Digital Remaster
11/18/2013 05:50:00 PM Track changed, now: Fire And Rain
11/18/2013 05:53:23 PM Track changed, now: Dreams
11/18/2013 05:57:37 PM Track changed, now: Walk On The Wild Side
11/18/2013 06:01:51 PM Track changed, now: Escape (The Pina Colada Song) - Single Version
11/18/2013 06:04:56 PM Power OFF
11/18/2013 06:05:06 PM Power ON
11/18/2013 06:05:12 PM Power ON
11/18/2013 06:05:40 PM Power ON
11/18/2013 06:10:40 PM Success: Logged in to LMS.
11/18/2013 06:10:40 PM Success: In contact with SqueezeLite.
11/18/2013 06:10:40 PM Track changed, now: Escape (The Pina Colada Song) - Single Version
11/18/2013 06:10:45 PM Power ON
11/18/2013 06:10:49 PM Power OFF
11/18/2013 06:13:30 PM Success: Logged in to LMS.
11/18/2013 06:13:30 PM Success: In contact with SqueezeLite.
11/18/2013 06:13:30 PM Track changed, now: Escape (The Pina Colada Song) - Single Version
11/18/2013 06:15:16 PM Success: Logged in to LMS.
11/18/2013 06:15:17 PM Success: In contact with SqueezeLite.
11/18/2013 06:15:17 PM Track changed, now: Escape (The Pina Colada Song) - Single Version
11/18/2013 06:15:44 PM LMS not there.  Trying again in 5 seconds.
11/18/2013 06:15:49 PM LMS not there.  Trying again in 5 seconds.
11/18/2013 06:16:22 PM LMS not there.  Trying again in 5 seconds.
11/18/2013 06:16:27 PM LMS not there.  Trying again in 5 seconds.
11/18/2013 06:16:33 PM LMS not there.  Trying again in 5 seconds.
11/18/2013 06:16:38 PM LMS not there.  Trying again in 5 seconds.
11/18/2013 06:16:43 PM LMS not there.  Trying again in 5 seconds.
11/18/2013 06:16:49 PM LMS not there.  Trying again in 5 seconds.
11/18/2013 06:16:54 PM LMS not there.  Trying again in 5 seconds.
11/18/2013 06:17:08 PM Success: Logged in to LMS.
11/18/2013 06:17:08 PM Success: In contact with SqueezeLite.
11/18/2013 06:17:08 PM Track changed, now: Escape (The Pina Colada Song) - Single Version
11/18/2013 06:17:14 PM Power ON
11/18/2013 06:17:46 PM LMS not there.  Trying again in 5 seconds.
11/18/2013 06:17:51 PM LMS not there.  Trying again in 5 seconds.
11/18/2013 06:18:22 PM LMS not there.  Trying again in 5 seconds.
11/18/2013 06:18:27 PM LMS not there.  Trying again in 5 seconds.
11/18/2013 06:18:33 PM LMS not there.  Trying again in 5 seconds.
11/18/2013 06:18:38 PM LMS not there.  Trying again in 5 seconds.
11/18/2013 06:18:43 PM LMS not there.  Trying again in 5 seconds.
11/18/2013 06:18:49 PM LMS not there.  Trying again in 5 seconds.
11/18/2013 06:18:54 PM LMS not there.  Trying again in 5 seconds.
11/18/2013 06:18:56 PM LMS not there.  Trying again in 5 seconds.
11/18/2013 06:19:01 PM LMS not there.  Trying again in 5 seconds.
11/18/2013 06:19:12 PM Success: Logged in to LMS.
11/18/2013 06:19:12 PM Success: In contact with SqueezeLite.
11/18/2013 06:19:13 PM Track changed, now: Escape (The Pina Colada Song) - Single Version
11/18/2013 06:31:20 PM Track changed, now: Classical
11/18/2013 06:31:21 PM Track changed, now: Johann Sebastian Bach: Suite for Cello Solo No.1 in G, BWV 1007 - 1. PrAlude
11/18/2013 06:33:51 PM Track changed, now: The Planets, Op. 32: 1. Mars, the Bringer of War (Allegro)
11/18/2013 06:41:08 PM Track changed, now: Fanfare for the Common Man
11/18/2013 06:44:25 PM Track changed, now: The Heart Asks Pleasure First/The Promise - Edit
11/18/2013 06:47:38 PM Track changed, now: Marianelli: Dawn
11/18/2013 06:50:17 PM Track changed, now: Danse Macabre In G Minor, Op. 40
11/18/2013 06:57:30 PM Track changed, now: Cello Suite Bwv1007: Prelude
11/18/2013 06:59:59 PM Track changed, now: Vivaldi: Gloria - Gloria Inexcelsis
11/18/2013 07:02:11 PM Track changed, now: Clarinet Concerto K.622: Adagio
11/18/2013 07:04:46 PM Power OFF
11/18/2013 08:46:14 PM Track changed, now: La valse d'AmAlie - Version orchestre
11/18/2013 08:49:56 PM Track changed, now: Carmina Burana: O Fortuna
11/18/2013 08:50:19 PM Track changed, now: Twisted
11/18/2013 08:54:34 PM Track changed, now: Make No Sound
11/18/2013 08:58:01 PM Track changed, now: La Noyee
11/18/2013 09:00:04 PM Track changed, now: You've Got It Bad
11/18/2013 09:00:12 PM Track changed, now: J'Y Suis Jamias Alle
11/18/2013 09:01:44 PM Track changed, now: Les Jours Tristes (Instrumenta
11/18/2013 09:04:48 PM Track changed, now: La Valse d'Amelie
11/18/2013 09:07:04 PM Track changed, now: Comptine d'Un Autre Ete
11/18/2013 09:09:25 PM Track changed, now: La Noyee
11/18/2013 09:11:29 PM Track changed, now: L' Autre Valse d'Amelie
11/18/2013 09:13:02 PM Track changed, now: Guilty
11/18/2013 09:16:16 PM Track changed, now: Le Moulin
11/18/2013 09:20:44 PM Track changed, now: Pas Si Simple
11/18/2013 09:22:37 PM Track changed, now: La Valse D'Amelie (Version Orc
11/18/2013 09:24:38 PM Track changed, now: La Valse Des Vieux Os
11/18/2013 09:26:58 PM Track changed, now: La Dispute
11/18/2013 09:31:15 PM Track changed, now: Si Tu N'Etais Pas La
11/18/2013 11:01:19 PM Track changed, now: Soir de Fete
11/18/2013 11:04:16 PM Track changed, now: La Redecouverte
11/18/2013 11:05:29 PM Track changed, now: Sur Le Fil
11/18/2013 11:09:53 PM Track changed, now: Le Banquet
11/18/2013 11:11:25 PM Track changed, now: La Valse D'Amelie (Version Pia
11/18/2013 11:14:04 PM Track changed, now: La Valse Des Monstres
11/18/2013 11:15:57 PM LMS not there.  Trying again in 5 seconds.
11/18/2013 11:16:02 PM LMS not there.  Trying again in 5 seconds.
11/18/2013 11:16:52 PM LMS not there.  Trying again in 5 seconds.
11/18/2013 11:16:57 PM LMS not there.  Trying again in 5 seconds.
11/18/2013 11:17:02 PM LMS not there.  Trying again in 5 seconds.
11/18/2013 11:17:07 PM LMS not there.  Trying again in 5 seconds.
11/18/2013 11:17:12 PM LMS not there.  Trying again in 5 seconds.
11/18/2013 11:17:18 PM LMS not there.  Trying again in 5 seconds.
11/18/2013 11:17:23 PM LMS not there.  Trying again in 5 seconds.
11/18/2013 11:17:35 PM Success: Logged in to LMS.
11/18/2013 11:17:35 PM Success: In contact with SqueezeLite.
11/19/2013 07:24:43 AM Track changed, now: Change Your Life
11/19/2013 07:25:48 AM Vol+
11/19/2013 07:25:48 AM Volume is: 26
11/19/2013 07:25:51 AM Vol+
11/19/2013 07:25:51 AM Volume is: 31
11/19/2013 07:25:52 AM Vol+
11/19/2013 07:25:52 AM Volume is: 36
11/19/2013 07:25:55 AM Vol+
11/19/2013 07:25:55 AM Volume is: 41
11/19/2013 07:25:57 AM Vol+
11/19/2013 07:25:57 AM Volume is: 46
11/19/2013 07:25:58 AM Vol-
11/19/2013 07:25:58 AM Volume is: 41
11/19/2013 07:26:00 AM Vol-
11/19/2013 07:26:00 AM Volume is: 36
11/19/2013 07:26:02 AM Vol-
11/19/2013 07:26:02 AM Volume is: 31
11/19/2013 07:26:03 AM Vol-
11/19/2013 07:26:03 AM Volume is: 26
11/19/2013 07:26:05 AM Vol-
11/19/2013 07:26:06 AM Volume is: 21
11/19/2013 07:26:07 AM Vol+
11/19/2013 07:26:07 AM Volume is: 26
11/19/2013 07:28:32 AM Track changed, now: Wings
11/19/2013 07:32:12 AM Track changed, now: DNA
11/19/2013 07:33:24 AM Power OFF
11/19/2013 07:33:27 AM Play
11/19/2013 07:37:26 AM Track changed, now: Cannonball
11/19/2013 07:37:30 AM Success: Logged in to LMS.
11/19/2013 07:37:30 AM Success: In contact with SqueezeLite.
11/19/2013 07:37:30 AM Track changed, now: Cannonball
11/19/2013 07:38:26 AM Vol+
11/19/2013 07:38:27 AM Volume is: 32
11/19/2013 07:40:52 AM Track changed, now: How Ya Doin'?
11/19/2013 07:41:26 AM Vol-
11/19/2013 07:41:26 AM Volume is: 27
11/19/2013 07:41:39 AM Vol-
11/19/2013 07:41:39 AM Volume is: 22
11/19/2013 07:41:40 AM Vol-
11/19/2013 07:41:40 AM Volume is: 17
11/19/2013 07:41:42 AM Vol-
11/19/2013 07:41:42 AM Volume is: 12
11/19/2013 07:41:43 AM Vol-
11/19/2013 07:41:43 AM Volume is: 7
11/19/2013 07:41:45 AM Vol-
11/19/2013 07:41:45 AM Volume is: 2
11/19/2013 07:41:46 AM Vol-
11/19/2013 07:41:46 AM Volume is: 0
11/19/2013 07:41:52 AM Vol+
11/19/2013 07:41:52 AM Volume is: 5
11/19/2013 07:41:54 AM Vol+
11/19/2013 07:41:54 AM Volume is: 10
11/19/2013 07:41:56 AM Vol+
11/19/2013 07:41:56 AM Volume is: 15
11/19/2013 07:41:58 AM Vol+
11/19/2013 07:41:58 AM Volume is: 20
11/19/2013 07:41:59 AM Vol+
11/19/2013 07:41:59 AM Volume is: 25
11/19/2013 07:42:01 AM Vol+
11/19/2013 07:42:01 AM Volume is: 30
11/19/2013 07:42:03 AM Vol+
11/19/2013 07:42:03 AM Volume is: 35
11/19/2013 07:42:05 AM Vol+
11/19/2013 07:42:05 AM Volume is: 40
11/19/2013 07:42:06 AM Vol+
11/19/2013 07:42:06 AM Volume is: 45
11/19/2013 07:42:08 AM Vol-
11/19/2013 07:42:08 AM Volume is: 40
11/19/2013 07:42:09 AM Vol-
11/19/2013 07:42:09 AM Volume is: 35
11/19/2013 07:42:11 AM Vol-
11/19/2013 07:42:11 AM Volume is: 30
11/19/2013 07:43:18 AM SkipForward
11/19/2013 07:43:19 AM Track changed, now: Move
11/19/2013 07:46:45 AM Success: Logged in to LMS.
11/19/2013 07:46:45 AM Success: In contact with SqueezeLite.
11/19/2013 07:46:45 AM Track changed, now: Move
11/19/2013 07:47:08 AM Track changed, now: Always Be Together
11/19/2013 07:48:10 AM Success: Logged in to LMS.
11/19/2013 07:48:10 AM Success: In contact with SqueezeLite.
11/19/2013 07:48:10 AM Track changed, now: Always Be Together
